Shuffled the bag...
Servant 23 attempted to find gift 180959: not found. Items left to add: 457898
Servant 24 attempted to find gift 227961: not found. Items left to add: 440108
Servant 22 attempted to find gift 226805: not found. Items left to add: 432648
Servant 25 attempted to find gift 214249: not found. Items left to add: 427030
Servant 23 attempted to find gift 441544: not found. Items left to add: 372898
Servant 24 attempted to find gift 484708: found. Items left to add: 372634
Servant 22 attempted to find gift 449437: not found. Items left to add: 365258
Servant 25 attempted to find gift 70838: not found. Items left to add: 356134
Servant 23 attempted to find gift 250964: not found. Items left to add: 305050
Servant 24 attempted to find gift 386482: not found. Items left to add: 304220
Servant 22 attempted to find gift 138670: not found. Items left to add: 302038
Servant 25 attempted to find gift 492420: not found. Items left to add: 289688
Servant 24 attempted to find gift 59158: not found. Items left to add: 236544
Servant 22 attempted to find gift 412463: not found. Items left to add: 234940
Servant 23 attempted to find gift 315636: not found. Items left to add: 233790
Servant 25 attempted to find gift 166091: not found. Items left to add: 227706
Servant 22 attempted to find gift 443261: not found. Items left to add: 172592
Servant 23 attempted to find gift 222176: not found. Items left to add: 166992
Servant 24 attempted to find gift 494326: not found. Items left to add: 164502
Servant 25 attempted to find gift 376824: not found. Items left to add: 160740
Servant 22 attempted to find gift 46432: not found. Items left to add: 106074
Servant 24 attempted to find gift 110316: not found. Items left to add: 101576
Servant 23 attempted to find gift 327837: not found. Items left to add: 97322
Servant 25 attempted to find gift 86007: not found. Items left to add: 95674
Servant 22 attempted to find gift 208463: not found. Items left to add: 40962
Servant 24 attempted to find gift 81697: not found. Items left to add: 33744
Servant 25 attempted to find gift 262270: not found. Items left to add: 33422
Servant 23 attempted to find gift 422467: not found. Items left to add: 25260
Final chain size: 0
Done!

real	0m0.215s
user	0m0.737s
sys	0m0.032s
